<?xml version="1.0" encoding="UTF-8"?>
<!-- Generated by org.testng.reporters.JUnitReportReporter -->
<testsuite hostname="DESKTOP-49FTGHR" name="com.TestNGAnnotaions.Annotaions1" tests="3" failures="0" timestamp="2 Mar 2018 16:04:24 GMT" time="0.012" errors="0">
  <testcase name="LogIN" time="0.001" classname="com.TestNGAnnotaions.Annotaions1"/>
  <testcase name="ComposeMail" time="0.001" classname="com.TestNGAnnotaions.Annotaions1"/>
  <testcase name="BrowserLaunch" time="0.010" classname="com.TestNGAnnotaions.Annotaions1"/>
</testsuite> <!-- com.TestNGAnnotaions.Annotaions1 -->
