<?xml version="1.0" encoding="UTF-8"?>
<!-- Generated by org.testng.reporters.JUnitReportReporter -->
<testsuite hostname="DESKTOP-49FTGHR" name="com.DataDriven.NewTours_NeUserRegistration_MultipleTestData" tests="2" failures="0" timestamp="13 Mar 2018 16:23:31 GMT" time="8.756" errors="0">
  <testcase name="UserRegistration" time="8.462" classname="com.DataDriven.NewTours_NeUserRegistration_MultipleTestData"/>
  <testcase name="Register" time="0.294" classname="com.DataDriven.NewTours_NeUserRegistration_MultipleTestData"/>
</testsuite> <!-- com.DataDriven.NewTours_NeUserRegistration_MultipleTestData -->
