<?xml version="1.0" encoding="UTF-8"?>
<!-- Generated by org.testng.reporters.JUnitReportReporter -->
<testsuite hostname="DESKTOP-49FTGHR" name="com.GRID.NewToursApplicationLogInTest" tests="2" failures="0" timestamp="22 Mar 2018 15:13:42 GMT" time="14.952" errors="0">
  <testcase name="LogIn" time="6.715" classname="com.GRID.NewToursApplicationLogInTest"/>
  <testcase name="LogIn" time="8.237" classname="com.GRID.NewToursApplicationLogInTest"/>
</testsuite> <!-- com.GRID.NewToursApplicationLogInTest -->
