<?xml version="1.0" encoding="UTF-8"?>
<!-- Generated by org.testng.reporters.JUnitReportReporter -->
<testsuite hostname="DESKTOP-49FTGHR" name="com.TestNGAnnotaions.Annotations2" tests="2" failures="0" timestamp="2 Mar 2018 16:23:49 GMT" time="0.004" errors="0">
  <testcase name="ComposeMail" time="0.000" classname="com.TestNGAnnotaions.Annotations2"/>
  <testcase name="InBox" time="0.004" classname="com.TestNGAnnotaions.Annotations2"/>
</testsuite> <!-- com.TestNGAnnotaions.Annotations2 -->
