<?xml version="1.0" encoding="UTF-8"?>
<!-- Generated by org.testng.reporters.JUnitReportReporter -->
<testsuite hostname="DESKTOP-49FTGHR" name="com.DataDriven.NewTours_NewUserRegistration_SingleUser" tests="2" failures="0" timestamp="6 Mar 2018 16:47:57 GMT" time="2.941" errors="0">
  <testcase name="UserRegistration" time="2.404" classname="com.DataDriven.NewTours_NewUserRegistration_SingleUser"/>
  <testcase name="Register" time="0.537" classname="com.DataDriven.NewTours_NewUserRegistration_SingleUser"/>
</testsuite> <!-- com.DataDriven.NewTours_NewUserRegistration_SingleUser -->
