<?xml version="1.0" encoding="UTF-8"?>
<!-- Generated by org.testng.reporters.JUnitReportReporter -->
<testsuite hostname="DESKTOP-49FTGHR" name="com.TestNGAnnotaions.NewToursLogInTesting" tests="1" failures="0" timestamp="2 Mar 2018 16:46:13 GMT" time="3.283" errors="0">
  <testcase name="LogInTest" time="3.283" classname="com.TestNGAnnotaions.NewToursLogInTesting"/>
</testsuite> <!-- com.TestNGAnnotaions.NewToursLogInTesting -->
