<?xml version="1.0" encoding="UTF-8"?>
<!-- Generated by org.testng.reporters.JUnitReportReporter -->
<testsuite hostname="DESKTOP-49FTGHR" name="com.DataDriven.NewTours_NewUserRegistration" tests="2" failures="0" timestamp="6 Mar 2018 16:10:16 GMT" time="2.256" errors="0">
  <testcase name="UserRegistration" time="1.786" classname="com.DataDriven.NewTours_NewUserRegistration"/>
  <testcase name="Register" time="0.470" classname="com.DataDriven.NewTours_NewUserRegistration"/>
</testsuite> <!-- com.DataDriven.NewTours_NewUserRegistration -->
