<?xml version="1.0" encoding="UTF-8"?>
<!-- Generated by org.testng.reporters.JUnitReportReporter -->
<testsuite hostname="DESKTOP-49FTGHR" name="com.KeyWord.NewToursLogInTest" tests="1" failures="0" timestamp="13 Mar 2018 16:23:31 GMT" time="3.127" errors="0">
  <testcase name="LogIn" time="3.127" classname="com.KeyWord.NewToursLogInTest"/>
</testsuite> <!-- com.KeyWord.NewToursLogInTest -->
