<?xml version="1.0" encoding="UTF-8"?>
<!-- Generated by org.testng.reporters.JUnitReportReporter -->
<testsuite hostname="DESKTOP-49FTGHR" name="com.TestNGAnnotaions.Annotations3" tests="4" failures="0" timestamp="2 Mar 2018 16:29:08 GMT" time="0.015" errors="0">
  <testcase name="InBox" time="0.005" classname="com.TestNGAnnotaions.Annotations3"/>
  <testcase name="LogIn" time="0.006" classname="com.TestNGAnnotaions.Annotations3"/>
  <testcase name="SentMail" time="0.002" classname="com.TestNGAnnotaions.Annotations3"/>
  <testcase name="ComposeMail" time="0.002" classname="com.TestNGAnnotaions.Annotations3"/>
</testsuite> <!-- com.TestNGAnnotaions.Annotations3 -->
